[2018-06-11 18:06:47.186] [sharedprocess] [info] main {"machineId":"4e45a70bdd81b434d032af11740762715288174d4f1a98a594c3a832902f1c50"}
[2018-06-11 18:06:47.234] [sharedprocess] [info] Scanned user extensions: 0
[2018-06-11 18:06:47.299] [sharedprocess] [info] Scanned system extensions: 70
[2018-06-11 18:06:47.960] [sharedprocess] [info] Scanned user extensions: 0
[2018-06-11 18:06:47.971] [sharedprocess] [info] Scanned user extensions: 0
[2018-06-11 18:06:48.008] [sharedprocess] [info] Scanned user extensions: 0
[2018-06-11 18:06:48.133] [sharedprocess] [info] Scanned system extensions: 70
[2018-06-11 18:06:48.140] [sharedprocess] [info] Scanned system extensions: 70
[2018-06-11 18:06:48.150] [sharedprocess] [info] Scanned user extensions: 0
[2018-06-11 18:06:48.266] [sharedprocess] [info] Scanned user extensions: 0
[2018-06-11 18:06:48.276] [sharedprocess] [info] Scanned user extensions: 0
[2018-06-11 18:06:48.284] [sharedprocess] [info] Scanned user extensions: 0
[2018-06-11 18:06:48.311] [sharedprocess] [info] Scanned system extensions: 70
[2018-06-11 18:06:48.402] [sharedprocess] [info] Scanned system extensions: 70
[2018-06-11 18:06:48.405] [sharedprocess] [info] Scanned system extensions: 70
[2018-06-11 18:06:50.900] [sharedprocess] [info] Scanned user extensions: 0
[2018-06-11 18:06:50.947] [sharedprocess] [info] Scanned user extensions: 0
[2018-06-11 18:06:51.114] [sharedprocess] [info] Scanned user extensions: 0
[2018-06-11 18:06:51.123] [sharedprocess] [info] Scanned user extensions: 0
[2018-06-11 18:07:27.196] [sharedprocess] [info] Starting to clean up unused language packs.
[2018-06-11 18:08:10.667] [sharedprocess] [info] Scanned user extensions: 0
[2018-06-11 18:08:10.670] [sharedprocess] [info] Scanned user extensions: 0
[2018-06-11 18:08:10.675] [sharedprocess] [info] Scanned user extensions: 0
[2018-06-11 18:08:10.808] [sharedprocess] [info] Scanned system extensions: 70
[2018-06-11 18:08:10.811] [sharedprocess] [info] Scanned system extensions: 70
[2018-06-11 18:08:18.382] [sharedprocess] [info] Installing extension: vim
[2018-06-11 18:08:18.384] [sharedprocess] [info] Scanned user extensions: 0
[2018-06-11 18:08:19.625] [sharedprocess] [info] Downloaded extension: vim
[2018-06-11 18:08:24.444] [sharedprocess] [info] Extracted extension to /home/stan/.vscode/extensions/.vscodevim.vim-0.12.0: vscodevim.vim-0.12.0
[2018-06-11 18:08:24.444] [sharedprocess] [info] Renamed to /home/stan/.vscode/extensions/vscodevim.vim-0.12.0
[2018-06-11 18:08:24.444] [sharedprocess] [info] Installation completed. vscodevim.vim-0.12.0
[2018-06-11 18:08:24.478] [sharedprocess] [info] Extensions installed successfully: vscodevim.vim
[2018-06-11 18:08:24.603] [sharedprocess] [info] Scanned user extensions: 1
[2018-06-11 18:08:24.619] [sharedprocess] [info] Scanned user extensions: 1
[2018-06-11 18:08:24.622] [sharedprocess] [info] Scanned user extensions: 1
[2018-06-11 18:08:24.667] [sharedprocess] [info] Scanned system extensions: 70
[2018-06-11 18:08:24.690] [sharedprocess] [info] Scanned system extensions: 70
[2018-06-11 18:08:24.692] [sharedprocess] [info] Scanned system extensions: 70
[2018-06-11 18:08:27.783] [sharedprocess] [info] Installing extension: gruvbox-themes
[2018-06-11 18:08:27.786] [sharedprocess] [info] Scanned user extensions: 1
[2018-06-11 18:08:28.589] [sharedprocess] [info] Downloaded extension: gruvbox-themes
[2018-06-11 18:08:28.621] [sharedprocess] [info] Extracted extension to /home/stan/.vscode/extensions/.tomphilbin.gruvbox-themes-1.0.0: tomphilbin.gruvbox-themes-1.0.0
[2018-06-11 18:08:28.621] [sharedprocess] [info] Renamed to /home/stan/.vscode/extensions/tomphilbin.gruvbox-themes-1.0.0
[2018-06-11 18:08:28.621] [sharedprocess] [info] Installation completed. tomphilbin.gruvbox-themes-1.0.0
[2018-06-11 18:08:28.647] [sharedprocess] [info] Extensions installed successfully: tomphilbin.gruvbox-themes
[2018-06-11 18:08:28.760] [sharedprocess] [info] Scanned user extensions: 2
[2018-06-11 18:08:28.796] [sharedprocess] [info] Scanned user extensions: 2
[2018-06-11 18:08:28.802] [sharedprocess] [info] Scanned system extensions: 70
[2018-06-11 18:08:28.825] [sharedprocess] [info] Scanned system extensions: 70
